{"level":"info","message":"Hello from manish","service":"acquisitions-api"}
{"level":"info","message":"Hello from manish","service":"acquisitions-api"}
{"level":"info","message":"Hello from manish","service":"acquisitions-api"}
{"level":"info","message":"Hello from manish","service":"acquisitions-api"}
{"level":"info","message":"Hello from manish","service":"acquisitions-api"}
{"level":"info","message":"::1 - - [03/Oct/2025:17:18:22 +0000] \"GET / HTTP/1.1\" 304 - \"-\" \"Mozilla/5.0 (Windows NT 10.0; Win64; x64) AppleWebKit/537.36 (KHTML, like Gecko) Chrome/140.0.0.0 Safari/537.36\"","service":"acquisitions-api"}
{"level":"info","message":"Hello from manish","service":"acquisitions-api"}
{"level":"info","message":"::1 - - [03/Oct/2025:17:28:11 +0000] \"GET / HTTP/1.1\" 304 - \"-\" \"Mozilla/5.0 (Windows NT 10.0; Win64; x64) AppleWebKit/537.36 (KHTML, like Gecko) Chrome/140.0.0.0 Safari/537.36\"","service":"acquisitions-api"}
{"level":"info","message":"::1 - - [03/Oct/2025:17:28:18 +0000] \"GET /health HTTP/1.1\" 200 74 \"-\" \"Mozilla/5.0 (Windows NT 10.0; Win64; x64) AppleWebKit/537.36 (KHTML, like Gecko) Chrome/140.0.0.0 Safari/537.36\"","service":"acquisitions-api"}
{"level":"info","message":"::1 - - [03/Oct/2025:17:28:51 +0000] \"GET /api/auth/sign-up HTTP/1.1\" 404 155 \"-\" \"Mozilla/5.0 (Windows NT 10.0; Win64; x64) AppleWebKit/537.36 (KHTML, like Gecko) Chrome/140.0.0.0 Safari/537.36\"","service":"acquisitions-api"}
{"level":"info","message":"::1 - - [04/Oct/2025:04:02:06 +0000] \"POST /api/auth/sign-up HTTP/1.1\" 200 31 \"-\" \"PostmanRuntime/7.48.0\"","service":"acquisitions-api"}
{"level":"info","message":"User Registered Successfully: karki@gmail.com","service":"acquisitions-api"}
{"level":"info","message":"::1 - - [04/Oct/2025:04:02:53 +0000] \"POST /api/auth/sign-up HTTP/1.1\" 201 120 \"-\" \"PostmanRuntime/7.48.0\"","service":"acquisitions-api"}
{"level":"info","message":"::1 - - [04/Oct/2025:04:03:19 +0000] \"POST /api/auth/sign-up HTTP/1.1\" 400 63 \"-\" \"PostmanRuntime/7.48.0\"","service":"acquisitions-api"}
{"level":"error","message":"failed to create user Error: Failed query: insert into \"users\" (\"id\", \"name\", \"password\", \"password\", \"role\", \"created_at\", \"updated_at\") values (default, $1, $2, $3, $4, default, default) returning \"id\", \"name\", \"password\", \"role\", \"created_at\", \"updated_at\"\nparams: Admin,admin@test.com,$2b$10$fA5pI9M7C274CIVZjVrE5ev23ipZzMwfvDjth03xl5/tJ0CaIA/9K,admin","service":"acquisitions-api"}
{"level":"error","message":"failed to sign up Cannot read properties of undefined (reading 'id')","service":"acquisitions-api","stack":"TypeError: Cannot read properties of undefined (reading 'id')\n    at signup (file:///D:/devops/docker/acquisitions/src/controllers/auth.controller.js:23:16)\n    at process.processTicksAndRejections (node:internal/process/task_queues:105:5)"}
{"level":"info","message":"::1 - - [04/Oct/2025:04:31:35 +0000] \"POST /api/auth/sign-up HTTP/1.1\" 500 400 \"-\" \"PostmanRuntime/7.48.0\"","service":"acquisitions-api"}
{"level":"info","message":"User Registered Successfully: admin@test.com","service":"acquisitions-api"}
{"level":"error","message":"failed to authenticate token secretOrPrivateKey must have a value","service":"acquisitions-api","stack":"Error: secretOrPrivateKey must have a value\n    at module.exports [as sign] (D:\\devops\\docker\\acquisitions\\node_modules\\jsonwebtoken\\sign.js:111:20)\n    at Object.sign (file:///D:/devops/docker/acquisitions/src/utils/jwt.js:10:18)\n    at signup (file:///D:/devops/docker/acquisitions/src/controllers/auth.controller.js:22:28)\n    at process.processTicksAndRejections (node:internal/process/task_queues:105:5)"}
{"level":"info","message":"User Registered Successfully: admin@test.com","service":"acquisitions-api"}
{"level":"info","message":"::1 - - [04/Oct/2025:05:26:59 +0000] \"POST /api/auth/sign-up HTTP/1.1\" 201 113 \"-\" \"PostmanRuntime/7.48.0\"","service":"acquisitions-api"}
{"level":"error","message":"failed to create user Error: Failed query: insert into \"users\" (\"id\", \"name\", \"email\", \"password\", \"role\", \"created_at\", \"updated_at\") values (default, $1, $2, $3, $4, default, default) returning \"id\", \"name\", \"email\", \"role\", \"created_at\", \"updated_at\"\nparams: Admin,admin@test.com,$2b$10$/VtJWhH0F05UwjQxHybHJuMu0U4CX9ECCcqwIQ3g8VXa21uM4f3sS,admin","service":"acquisitions-api"}
{"level":"error","message":"failed to sign up Cannot read properties of undefined (reading 'id')","service":"acquisitions-api","stack":"TypeError: Cannot read properties of undefined (reading 'id')\n    at signup (file:///D:/devops/docker/acquisitions/src/controllers/auth.controller.js:23:16)\n    at process.processTicksAndRejections (node:internal/process/task_queues:105:5)"}
{"level":"info","message":"::1 - - [04/Oct/2025:05:27:40 +0000] \"POST /api/auth/sign-up HTTP/1.1\" 500 400 \"-\" \"PostmanRuntime/7.48.0\"","service":"acquisitions-api"}
{"level":"info","message":"User Registered Successfully: admin@test.com","service":"acquisitions-api"}
{"level":"info","message":"User Registered Successfully: admin@test.com","service":"acquisitions-api"}
{"level":"info","message":"::1 - - [04/Oct/2025:05:28:53 +0000] \"POST /api/auth/sign-up HTTP/1.1\" 201 113 \"-\" \"PostmanRuntime/7.48.0\"","service":"acquisitions-api"}
{"level":"error","message":"failed to create user Error: Failed query: insert into \"users\" (\"id\", \"name\", \"email\", \"password\", \"role\", \"created_at\", \"updated_at\") values (default, $1, $2, $3, $4, default, default) returning \"id\", \"name\", \"email\", \"role\", \"created_at\", \"updated_at\"\nparams: Admin,admin@test.com,$2b$10$wFIk55txJ3DHIzEOnQ/YiuF72fWCWwiYMsn6xXyv6KLce0pSZhU2m,admin","service":"acquisitions-api"}
{"level":"error","message":"failed to sign up Cannot read properties of undefined (reading 'id')","service":"acquisitions-api","stack":"TypeError: Cannot read properties of undefined (reading 'id')\n    at signup (file:///D:/devops/docker/acquisitions/src/controllers/auth.controller.js:23:16)\n    at process.processTicksAndRejections (node:internal/process/task_queues:105:5)"}
{"level":"info","message":"::1 - - [04/Oct/2025:05:29:50 +0000] \"POST /api/auth/sign-up HTTP/1.1\" 500 400 \"-\" \"PostmanRuntime/7.48.0\"","service":"acquisitions-api"}
{"level":"info","message":"User Registered Successfully: karki@gmail.com","service":"acquisitions-api"}
{"level":"info","message":"User Registered Successfully: karki@gmail.com","service":"acquisitions-api"}
{"level":"info","message":"::1 - - [04/Oct/2025:05:30:42 +0000] \"POST /api/auth/sign-up HTTP/1.1\" 201 120 \"-\" \"PostmanRuntime/7.48.0\"","service":"acquisitions-api"}
